Arguments: 
  /usr/local/Cellar/node/13.8.0/bin/node /usr/local/Cellar/yarn/1.22.0/libexec/bin/yarn.js add react-router-dom

PATH: 
  /usr/local/bin:/usr/bin:/bin:/usr/sbin:/sbin:/Users/knowledge/.rvm/bin

Yarn version: 
  1.22.0

Node version: 
  13.8.0

Platform: 
  darwin x64

Trace: 
  TypeError [ERR_UNESCAPED_CHARACTERS]: Request path contains unescaped characters
      at new ClientRequest (_http_client.js:149:13)
      at Object.request (https.js:310:10)
      at Request.module.exports.Request.start (/usr/local/Cellar/yarn/1.22.0/libexec/lib/cli.js:141289:32)
      at Request.module.exports.Request.end (/usr/local/Cellar/yarn/1.22.0/libexec/lib/cli.js:142048:10)
      at end (/usr/local/Cellar/yarn/1.22.0/libexec/lib/cli.js:141102:14)
      at Immediate._onImmediate (/usr/local/Cellar/yarn/1.22.0/libexec/lib/cli.js:141116:7)
      at processImmediate (internal/timers.js:456:21)

npm manifest: 
  No manifest

yarn manifest: 
  No manifest

Lockfile: 
  # THIS IS AN AUTOGENERATED FILE. DO NOT EDIT THIS FILE DIRECTLY.
  # yarn lockfile v1
